[0m21:52:44.942882 [debug] [MainThread]: Sending event: {'category': 'dbt', 'action': 'invocation', 'label': 'start', 'context': [<snowplow_tracker.self_describing_json.SelfDescribingJson object at 0x1068c0130>, <snowplow_tracker.self_describing_json.SelfDescribingJson object at 0x107dfb490>, <snowplow_tracker.self_describing_json.SelfDescribingJson object at 0x107dfadd0>]}


============================== 21:52:44.945047 | 55f67f87-ad22-4cc1-9349-3e6bcc11c4b4 ==============================
[0m21:52:44.945047 [info ] [MainThread]: Running with dbt=1.11.4
[0m21:52:44.946025 [debug] [MainThread]: running dbt with arguments {'partial_parse': 'True', 'warn_error_options': 'WarnErrorOptionsV2(error=[], warn=[], silence=[])', 'send_anonymous_usage_stats': 'True', 'static_parser': 'True', 'printer_width': '80', 'introspect': 'True', 'fail_fast': 'False', 'empty': 'None', 'debug': 'False', 'version_check': 'True', 'quiet': 'False', 'no_print': 'None', 'indirect_selection': 'eager', 'warn_error': 'None', 'invocation_command': 'dbt init dbt_stocks', 'use_colors': 'True', 'use_experimental_parser': 'False', 'target_path': 'None', 'write_json': 'True', 'cache_selected_only': 'False', 'profiles_dir': '/Users/songyujin/.dbt', 'log_format': 'default', 'log_path': 'logs', 'log_cache_events': 'False'}
[0m21:52:44.953783 [info ] [MainThread]: Creating dbt configuration folder at /Users/songyujin/.dbt
[0m21:52:44.954647 [debug] [MainThread]: Starter project path: /Users/songyujin/real-time-stocks-mds/venv/lib/python3.10/site-packages/dbt/include/starter_project
[0m21:52:44.957440 [info ] [MainThread]: 
Your new dbt project "dbt_stocks" was created!

For more information on how to configure the profiles.yml file,
please consult the dbt documentation here:

  https://docs.getdbt.com/docs/configure-your-profile

One more thing:

Need help? Don't hesitate to reach out to us via GitHub issues or on Slack:

  https://community.getdbt.com/

Happy modeling!

[0m21:52:44.957639 [info ] [MainThread]: Setting up your profile.
[0m21:52:57.472951 [debug] [MainThread]: Snowflake adapter: Setting snowflake.connector to ERROR (file logging only)
[0m21:52:57.473757 [debug] [MainThread]: Snowflake adapter: Setting botocore to ERROR (file logging only)
[0m21:52:57.474205 [debug] [MainThread]: Snowflake adapter: Setting boto3 to ERROR (file logging only)
[0m21:56:52.308981 [info ] [MainThread]: Profile dbt_stocks written to /Users/songyujin/.dbt/profiles.yml using target's profile_template.yml and your supplied values. Run 'dbt debug' to validate the connection.
[0m21:56:52.696493 [debug] [MainThread]: Resource report: {"command_name": "init", "command_success": true, "command_wall_clock_time": 247.79347, "process_in_blocks": "0", "process_kernel_time": 0.245786, "process_mem_max_rss": "116097024", "process_out_blocks": "0", "process_user_time": 0.917982}
[0m21:56:52.714004 [debug] [MainThread]: Command `dbt init` succeeded at 21:56:52.712732 after 247.81 seconds
[0m21:56:52.717193 [debug] [MainThread]: Sending event: {'category': 'dbt', 'action': 'invocation', 'label': 'end', 'context': [<snowplow_tracker.self_describing_json.SelfDescribingJson object at 0x1068c0130>, <snowplow_tracker.self_describing_json.SelfDescribingJson object at 0x107dfa110>, <snowplow_tracker.self_describing_json.SelfDescribingJson object at 0x107df9cc0>]}
[0m21:56:52.719021 [debug] [MainThread]: Flushing usage events
[0m21:56:53.080125 [debug] [MainThread]: An error was encountered while trying to flush usage events
